<?xml version="1.0" encoding="UTF-8"?>
<testng-results ignored="0" total="1" passed="1" failed="0" skipped="0">
  <reporter-output>
  </reporter-output>
  <suite started-at="2023-06-21T00:24:00 IST" name="Default suite" finished-at="2023-06-21T00:24:27 IST" duration-ms="26617">
    <groups>
    </groups>
    <test started-at="2023-06-21T00:24:00 IST" name="Default test" finished-at="2023-06-21T00:24:27 IST" duration-ms="26617">
      <class name="com.sibibase.Miscellaneous">
        <test-method is-config="true" signature="configureAppium()[pri:0, instance:com.sibibase.Miscellaneous@74ea2410]" started-at="2023-06-21T00:24:00 IST" name="configureAppium" finished-at="2023-06-21T00:24:12 IST" duration-ms="11289" status="PASS">
          <reporter-output>
          </reporter-output>
        </test-method> <!-- configureAppium -->
        <test-method signature="lanscapeMode()[pri:0, instance:com.sibibase.Miscellaneous@74ea2410]" started-at="2023-06-21T00:24:12 IST" name="lanscapeMode" finished-at="2023-06-21T00:24:27 IST" duration-ms="15225" status="PASS">
          <reporter-output>
          </reporter-output>
        </test-method> <!-- lanscapeMode -->
      </class> <!-- com.sibibase.Miscellaneous -->
    </test> <!-- Default test -->
  </suite> <!-- Default suite -->
</testng-results>
